TN:
SF:cloudinary.js
FNF:0
FNH:0
DA:1,1
DA:2,1
DA:5,1
DA:13,1
DA:23,1
LF:5
LH:5
BRF:0
BRH:0
end_of_record
TN:
SF:createServer.js
FN:8,createServer
FN:17,(anonymous_1)
FN:29,(anonymous_2)
FN:54,(anonymous_3)
FN:70,(anonymous_4)
FN:86,(anonymous_5)
FNF:6
FNH:5
FNDA:1,createServer
FNDA:1,(anonymous_1)
FNDA:3,(anonymous_2)
FNDA:0,(anonymous_3)
FNDA:1,(anonymous_4)
FNDA:2,(anonymous_5)
DA:1,1
DA:2,1
DA:3,1
DA:4,1
DA:5,1
DA:6,1
DA:10,1
DA:11,1
DA:12,1
DA:13,1
DA:14,1
DA:15,1
DA:17,1
DA:18,1
DA:19,1
DA:20,1
DA:23,0
DA:24,0
DA:29,1
DA:30,3
DA:31,3
DA:32,3
DA:33,3
DA:34,0
DA:36,3
DA:37,1
DA:39,2
DA:40,2
DA:41,2
DA:42,1
DA:45,1
DA:50,0
DA:51,0
DA:54,1
DA:55,0
DA:56,0
DA:57,0
DA:58,0
DA:60,0
DA:62,0
DA:63,0
DA:65,0
DA:70,1
DA:71,1
DA:72,1
DA:73,1
DA:74,0
DA:76,1
DA:77,1
DA:78,0
DA:80,1
DA:82,0
DA:83,0
DA:86,1
DA:87,2
DA:88,2
DA:89,2
DA:90,0
DA:92,2
DA:94,2
DA:95,1
DA:97,1
DA:100,0
DA:104,1
DA:107,1
LF:65
LH:46
BRDA:15,0,0,1
BRDA:15,0,1,1
BRDA:33,1,0,0
BRDA:33,1,1,3
BRDA:36,2,0,1
BRDA:36,2,1,2
BRDA:41,3,0,1
BRDA:41,3,1,1
BRDA:57,4,0,0
BRDA:57,4,1,0
BRDA:57,5,0,0
BRDA:57,5,1,0
BRDA:57,5,2,0
BRDA:57,5,3,0
BRDA:57,5,4,0
BRDA:73,6,0,0
BRDA:73,6,1,1
BRDA:77,7,0,0
BRDA:77,7,1,1
BRDA:89,8,0,0
BRDA:89,8,1,2
BRDA:94,9,0,1
BRDA:94,9,1,1
BRF:23
BRH:12
end_of_record
TN:
SF:models\material.js
FNF:0
FNH:0
DA:1,1
DA:3,1
DA:13,1
DA:14,1
LF:4
LH:4
BRF:0
BRH:0
end_of_record
